<?xml version="1.0" encoding="UTF-8"?>
<!-- Generated by org.testng.reporters.JUnitReportReporter -->
<testsuite hostname="DESKTOP-SH023E5" failures="0" tests="1" name="Demo.Flipcart" time="48.243" errors="0" timestamp="2023-07-20T15:54:50 IST" skipped="0">
  <testcase classname="Demo.Flipcart" name="launchFlipkart" time="48.243"/>
</testsuite> <!-- Demo.Flipcart -->
